<?xml version="1.0" encoding="UTF-8"?>
<testsuite xmlns:xsi="http://www.w3.org/2001/XMLSchema-instance" xsi:noNamespaceSchemaLocation="https://maven.apache.org/surefire/maven-surefire-plugin/xsd/surefire-test-report-3.0.xsd" version="3.0" name="com.example.demo.api.AuthIntegrationTest" time="3.399" tests="2" errors="0" skipped="0" failures="0">
  <properties>
[...]
</properties>
  <testcase name="deveAutenticarUsuarioValido" classname="com.example.demo.api.AuthIntegrationTest" time="0.362">
    <system-out><![CDATA[2025-11-20T00:10:43.451-03:00  INFO 548433 --- [           main] t.c.s.AnnotationConfigContextLoaderUtils : Could not detect default configuration classes for test class [com.example.demo.api.AuthIntegrationTest]: AuthIntegrationTest does not declare any static, non-private, non-final, nested classes annotated with @Configuration.
2025-11-20T00:10:43.463-03:00  INFO 548433 --- [           main] .b.t.c.SpringBootTestContextBootstrapper : Found @SpringBootConfiguration com.example.demo.DemoApplication for test class com.example.demo.api.AuthIntegrationTest

  .   ____          _            __ _ _
 /\\ / ___'_ __ _ _(_)_ __  __ _ \ \ \ \
( ( )\___ | '_ | '_| | '_ \/ _` | \ \ \ \
 \\/  ___)| |_)| | | | | || (_| |  ) ) ) )
  '  |____| .__|_| |_|_| |_\__, | / / / /
 =========|_|==============|___/=/_/_/_/
 :: Spring Boot ::                (v3.2.0)

2025-11-20T00:10:43.509-03:00  INFO 548433 --- [           main] c.example.demo.api.AuthIntegrationTest   : Starting AuthIntegrationTest using Java 21.0.8 with PID 548433 (started by marco in /home/marco/Área de trabalho/tppe-final/store-management-dashboard/api-autentic/springboot/demo)
2025-11-20T00:10:43.509-03:00  INFO 548433 --- [           main] c.example.demo.api.AuthIntegrationTest   : The following 1 profile is active: "test"
2025-11-20T00:10:43.820-03:00  INFO 548433 --- [           main] .s.d.r.c.RepositoryConfigurationDelegate : Bootstrapping Spring Data JPA repositories in DEFAULT mode.
2025-11-20T00:10:43.860-03:00  INFO 548433 --- [           main] .s.d.r.c.RepositoryConfigurationDelegate : Finished Spring Data repository scanning in 32 ms. Found 1 JPA repository interface.
2025-11-20T00:10:44.380-03:00  INFO 548433 --- [           main] o.s.b.w.embedded.tomcat.TomcatWebServer  : Tomcat initialized with port 0 (http)
2025-11-20T00:10:44.391-03:00  INFO 548433 --- [           main] o.apache.catalina.core.StandardService   : Starting service [Tomcat]
2025-11-20T00:10:44.392-03:00  INFO 548433 --- [           main] o.apache.catalina.core.StandardEngine    : Starting Servlet engine: [Apache Tomcat/10.1.16]
2025-11-20T00:10:44.442-03:00  INFO 548433 --- [           main] o.a.c.c.C.[Tomcat].[localhost].[/]       : Initializing Spring embedded WebApplicationContext
2025-11-20T00:10:44.443-03:00  INFO 548433 --- [           main] w.s.c.ServletWebServerApplicationContext : Root WebApplicationContext: initialization completed in 931 ms
2025-11-20T00:10:44.594-03:00  INFO 548433 --- [           main] o.hibernate.jpa.internal.util.LogHelper  : HHH000204: Processing PersistenceUnitInfo [name: default]
2025-11-20T00:10:44.668-03:00  INFO 548433 --- [           main] org.hibernate.Version                    : HHH000412: Hibernate ORM core version 6.3.1.Final
2025-11-20T00:10:44.704-03:00  INFO 548433 --- [           main] o.h.c.internal.RegionFactoryInitiator    : HHH000026: Second-level cache disabled
2025-11-20T00:10:44.813-03:00  INFO 548433 --- [           main] o.s.o.j.p.SpringPersistenceUnitInfo      : No LoadTimeWeaver setup: ignoring JPA class transformer
2025-11-20T00:10:44.837-03:00  INFO 548433 --- [           main] com.zaxxer.hikari.HikariDataSource       : HikariPool-1 - Starting...
2025-11-20T00:10:45.041-03:00  INFO 548433 --- [           main] com.zaxxer.hikari.pool.HikariPool        : HikariPool-1 - Added connection conn0: url=jdbc:h2:mem:auth-int user=SA
2025-11-20T00:10:45.043-03:00  INFO 548433 --- [           main] com.zaxxer.hikari.HikariDataSource       : HikariPool-1 - Start completed.
2025-11-20T00:10:45.068-03:00  WARN 548433 --- [           main] org.hibernate.orm.deprecation            : HHH90000025: H2Dialect does not need to be specified explicitly using 'hibernate.dialect' (remove the property setting and it will be selected by default)
2025-11-20T00:10:45.631-03:00  INFO 548433 --- [           main] o.h.e.t.j.p.i.JtaPlatformInitiator       : HHH000489: No JTA platform available (set 'hibernate.transaction.jta.platform' to enable JTA platform integration)
2025-11-20T00:10:45.635-03:00  INFO 548433 --- [           main] j.LocalContainerEntityManagerFactoryBean : Initialized JPA EntityManagerFactory for persistence unit 'default'
2025-11-20T00:10:45.998-03:00  WARN 548433 --- [           main] JpaBaseConfiguration$JpaWebConfiguration : spring.jpa.open-in-view is enabled by default. Therefore, database queries may be performed during view rendering. Explicitly configure spring.jpa.open-in-view to disable this warning
2025-11-20T00:10:46.116-03:00  INFO 548433 --- [           main] o.s.s.web.DefaultSecurityFilterChain     : Will secure any request with [org.springframework.security.web.session.DisableEncodeUrlFilter@5a9ccbfb, org.springframework.security.web.context.request.async.WebAsyncManagerIntegrationFilter@6162d87c, org.springframework.security.web.context.SecurityContextHolderFilter@99e68b5, org.springframework.security.web.header.HeaderWriterFilter@74f446ba, org.springframework.web.filter.CorsFilter@1cf5236d, org.springframework.security.web.authentication.logout.LogoutFilter@53ed0519, com.example.demo.api.security.JwtAuthenticationFilter@2627da4c, org.springframework.security.web.savedrequest.RequestCacheAwareFilter@5f092eaa, org.springframework.security.web.servletapi.SecurityContextHolderAwareRequestFilter@264e0b8e, org.springframework.security.web.authentication.AnonymousAuthenticationFilter@14d9d042, org.springframework.security.web.session.SessionManagementFilter@2105c11b, org.springframework.security.web.access.ExceptionTranslationFilter@30c31e10, org.springframework.security.web.access.intercept.AuthorizationFilter@13437ce5]
2025-11-20T00:10:46.298-03:00  INFO 548433 --- [           main] o.a.c.c.C.[Tomcat].[localhost].[/]       : Initializing Spring TestDispatcherServlet ''
2025-11-20T00:10:46.298-03:00  INFO 548433 --- [           main] o.s.t.web.servlet.TestDispatcherServlet  : Initializing Servlet ''
2025-11-20T00:10:46.299-03:00  INFO 548433 --- [           main] o.s.t.web.servlet.TestDispatcherServlet  : Completed initialization in 1 ms
2025-11-20T00:10:46.342-03:00  INFO 548433 --- [           main] o.s.b.w.embedded.tomcat.TomcatWebServer  : Tomcat started on port 41439 (http) with context path ''
2025-11-20T00:10:46.348-03:00  INFO 548433 --- [           main] c.example.demo.api.AuthIntegrationTest   : Started AuthIntegrationTest in 2.879 seconds (process running for 7.858)
2025-11-20T00:10:46.618-03:00  WARN 548433 --- [           main] o.s.w.s.h.HandlerMappingIntrospector     : Cache miss for REQUEST dispatch to '/auth/login' (previous null). Performing MatchableHandlerMapping lookup. This is logged once only at WARN level, and every time at TRACE.
]]></system-out>
  </testcase>
  <testcase name="deveNegarSenhaIncorreta" classname="com.example.demo.api.AuthIntegrationTest" time="0.131"/>
</testsuite>